# JRE version: OpenJDK Runtime Environment Microsoft-8035246 (17.0.8+7) (build 17.0.8+7-LTS)
# Java VM: OpenJDK 64-Bit Server VM Microsoft-8035246 (17.0.8+7-LTS, mixed mode, sharing, tiered, compressed oops, compressed class ptrs, g1 gc, windows-amd64)
GC Precious Log:
 CPUs: 4 total, 4 available
 Memory: 8072M
 Large Page Support: Disabled
 NUMA Support: Disabled
 Compressed Oops: Enabled (32-bit)
 Heap Region Size: 1M
 Heap Min Capacity: 8M
 Heap Initial Capacity: 128M
 Heap Max Capacity: 2G
 Pre-touch: Disabled
 Parallel Workers: 4
 Concurrent Workers: 1
 Concurrent Refinement Workers: 4
 Periodic GC: Disabled
Heap:
 garbage-first heap   total 354304K, used 254655K [0x0000000080000000, 0x0000000100000000)
  region size 1024K, 21 young (21504K), 6 survivors (6144K)
 Metaspace       used 109049K, committed 110464K, reserved 557056K
  class space    used 15074K, committed 15744K, reserved 425984K
GC Heap History (20 events):
Event: 71.670 GC heap before
{Heap before GC invocations=59 (full 0):
 garbage-first heap   total 354304K, used 268850K [0x0000000080000000, 0x0000000100000000)
  region size 1024K, 122 young (124928K), 14 survivors (14336K)
 Metaspace       used 97530K, committed 98688K, reserved 557056K
  class space    used 13693K, committed 14208K, reserved 425984K
}
Event: 71.716 GC heap after
{Heap after GC invocations=60 (full 0):
 garbage-first heap   total 354304K, used 179985K [0x0000000080000000, 0x0000000100000000)
  region size 1024K, 16 young (16384K), 16 survivors (16384K)
 Metaspace       used 97530K, committed 98688K, reserved 557056K
  class space    used 13693K, committed 14208K, reserved 425984K
}
Event: 74.633 GC heap before
{Heap before GC invocations=60 (full 0):
 garbage-first heap   total 354304K, used 273169K [0x0000000080000000, 0x0000000100000000)
  region size 1024K, 107 young (109568K), 16 survivors (16384K)
 Metaspace       used 102161K, committed 103360K, reserved 557056K
  class space    used 14338K, committed 14912K, reserved 425984K
}
Event: 74.678 GC heap after
{Heap after GC invocations=61 (full 0):
 garbage-first heap   total 354304K, used 192000K [0x0000000080000000, 0x0000000100000000)
  region size 1024K, 11 young (11264K), 11 survivors (11264K)
 Metaspace       used 102161K, committed 103360K, reserved 557056K
  class space    used 14338K, committed 14912K, reserved 425984K
}
Event: 76.476 GC heap before
{Heap before GC invocations=61 (full 0):
 garbage-first heap   total 354304K, used 279040K [0x0000000080000000, 0x0000000100000000)
  region size 1024K, 96 young (98304K), 11 survivors (11264K)
 Metaspace       used 102788K, committed 104064K, reserved 557056K
  class space    used 14377K, committed 14976K, reserved 425984K
}
Event: 76.521 GC heap after
{Heap after GC invocations=62 (full 0):
 garbage-first heap   total 354304K, used 201728K [0x0000000080000000, 0x0000000100000000)
  region size 1024K, 10 young (10240K), 10 survivors (10240K)
 Metaspace       used 102788K, committed 104064K, reserved 557056K
  class space    used 14377K, committed 14976K, reserved 425984K
}
Event: 78.481 GC heap before
{Heap before GC invocations=62 (full 0):
 garbage-first heap   total 354304K, used 282624K [0x0000000080000000, 0x0000000100000000)
  region size 1024K, 90 young (92160K), 10 survivors (10240K)
 Metaspace       used 103945K, committed 105216K, reserved 557056K
  class space    used 14538K, committed 15104K, reserved 425984K
}
Event: 78.519 GC heap after
{Heap after GC invocations=63 (full 0):
 garbage-first heap   total 354304K, used 208384K [0x0000000080000000, 0x0000000100000000)
  region size 1024K, 7 young (7168K), 7 survivors (7168K)
 Metaspace       used 103945K, committed 105216K, reserved 557056K
  class space    used 14538K, committed 15104K, reserved 425984K
}
Event: 80.377 GC heap before
{Heap before GC invocations=63 (full 0):
 garbage-first heap   total 354304K, used 291328K [0x0000000080000000, 0x0000000100000000)
  region size 1024K, 85 young (87040K), 7 survivors (7168K)
 Metaspace       used 104061K, committed 105344K, reserved 557056K
  class space    used 14538K, committed 15104K, reserved 425984K
}
Event: 80.405 GC heap after
{Heap after GC invocations=64 (full 0):
 garbage-first heap   total 354304K, used 214650K [0x0000000080000000, 0x0000000100000000)
  region size 1024K, 6 young (6144K), 6 survivors (6144K)
 Metaspace       used 104061K, committed 105344K, reserved 557056K
  class space    used 14538K, committed 15104K, reserved 425984K
}
Event: 82.519 GC heap before
{Heap before GC invocations=64 (full 0):
 garbage-first heap   total 354304K, used 306810K [0x0000000080000000, 0x0000000100000000)
  region size 1024K, 81 young (82944K), 6 survivors (6144K)
 Metaspace       used 104453K, committed 105856K, reserved 557056K
  class space    used 14575K, committed 15232K, reserved 425984K
}
Event: 82.570 GC heap after
{Heap after GC invocations=65 (full 0):
 garbage-first heap   total 354304K, used 225280K [0x0000000080000000, 0x0000000100000000)
  region size 1024K, 11 young (11264K), 11 survivors (11264K)
 Metaspace       used 104453K, committed 105856K, reserved 557056K
  class space    used 14575K, committed 15232K, reserved 425984K
}
Event: 84.029 GC heap before
{Heap before GC invocations=65 (full 0):
 garbage-first heap   total 354304K, used 299008K [0x0000000080000000, 0x0000000100000000)
  region size 1024K, 80 young (81920K), 11 survivors (11264K)
 Metaspace       used 104648K, committed 106048K, reserved 557056K
  class space    used 14599K, committed 15232K, reserved 425984K
}
Event: 84.063 GC heap after
{Heap after GC invocations=66 (full 0):
 garbage-first heap   total 354304K, used 230937K [0x0000000080000000, 0x0000000100000000)
  region size 1024K, 6 young (6144K), 6 survivors (6144K)
 Metaspace       used 104648K, committed 106048K, reserved 557056K
  class space    used 14599K, committed 15232K, reserved 425984K
}
Event: 85.443 GC heap before
{Heap before GC invocations=66 (full 0):
 garbage-first heap   total 354304K, used 305689K [0x0000000080000000, 0x0000000100000000)
  region size 1024K, 72 young (73728K), 6 survivors (6144K)
 Metaspace       used 104889K, committed 106304K, reserved 557056K
  class space    used 14631K, committed 15296K, reserved 425984K
}
Event: 85.470 GC heap after
{Heap after GC invocations=67 (full 0):
 garbage-first heap   total 354304K, used 235531K [0x0000000080000000, 0x0000000100000000)
  region size 1024K, 5 young (5120K), 5 survivors (5120K)
 Metaspace       used 104889K, committed 106304K, reserved 557056K
  class space    used 14631K, committed 15296K, reserved 425984K
}
Event: 86.453 GC heap before
{Heap before GC invocations=67 (full 0):
 garbage-first heap   total 354304K, used 303115K [0x0000000080000000, 0x0000000100000000)
  region size 1024K, 68 young (69632K), 5 survivors (5120K)
 Metaspace       used 104935K, committed 106368K, reserved 557056K
  class space    used 14631K, committed 15296K, reserved 425984K
}
Event: 86.470 GC heap after
{Heap after GC invocations=68 (full 0):
 garbage-first heap   total 354304K, used 238942K [0x0000000080000000, 0x0000000100000000)
  region size 1024K, 8 young (8192K), 8 survivors (8192K)
 Metaspace       used 104935K, committed 106368K, reserved 557056K
  class space    used 14631K, committed 15296K, reserved 425984K
}
Event: 88.172 GC heap before
{Heap before GC invocations=68 (full 0):
 garbage-first heap   total 354304K, used 310622K [0x0000000080000000, 0x0000000100000000)
  region size 1024K, 70 young (71680K), 8 survivors (8192K)
 Metaspace       used 107834K, committed 109248K, reserved 557056K
  class space    used 14925K, committed 15552K, reserved 425984K
}
Event: 88.199 GC heap after
{Heap after GC invocations=69 (full 0):
 garbage-first heap   total 354304K, used 241343K [0x0000000080000000, 0x0000000100000000)
  region size 1024K, 6 young (6144K), 6 survivors (6144K)
 Metaspace       used 107834K, committed 109248K, reserved 557056K
  class space    used 14925K, committed 15552K, reserved 425984K
}

