# JRE version: OpenJDK Runtime Environment Microsoft-8035246 (17.0.8+7) (build 17.0.8+7-LTS)
# Java VM: OpenJDK 64-Bit Server VM Microsoft-8035246 (17.0.8+7-LTS, mixed mode, sharing, tiered, compressed oops, compressed class ptrs, g1 gc, windows-amd64)
GC Precious Log:
 CPUs: 4 total, 4 available
 Memory: 8072M
 Large Page Support: Disabled
 NUMA Support: Disabled
 Compressed Oops: Enabled (32-bit)
 Heap Region Size: 1M
 Heap Min Capacity: 8M
 Heap Initial Capacity: 128M
 Heap Max Capacity: 2G
 Pre-touch: Disabled
 Parallel Workers: 4
 Concurrent Workers: 1
 Concurrent Refinement Workers: 4
 Periodic GC: Disabled
Heap:
 garbage-first heap   total 309248K, used 236555K [0x0000000080000000, 0x0000000100000000)
  region size 1024K, 25 young (25600K), 6 survivors (6144K)
 Metaspace       used 103951K, committed 105216K, reserved 557056K
  class space    used 14475K, committed 15040K, reserved 425984K
GC Heap History (20 events):
Event: 66.997 GC heap before
{Heap before GC invocations=63 (full 0):
 garbage-first heap   total 257024K, used 215784K [0x0000000080000000, 0x0000000100000000)
  region size 1024K, 39 young (39936K), 5 survivors (5120K)
 Metaspace       used 101766K, committed 102912K, reserved 557056K
  class space    used 14231K, committed 14784K, reserved 425984K
}
Event: 67.015 GC heap after
{Heap after GC invocations=64 (full 0):
 garbage-first heap   total 257024K, used 184957K [0x0000000080000000, 0x0000000100000000)
  region size 1024K, 4 young (4096K), 4 survivors (4096K)
 Metaspace       used 101766K, committed 102912K, reserved 557056K
  class space    used 14231K, committed 14784K, reserved 425984K
}
Event: 67.507 GC heap before
{Heap before GC invocations=64 (full 0):
 garbage-first heap   total 257024K, used 216701K [0x0000000080000000, 0x0000000100000000)
  region size 1024K, 35 young (35840K), 4 survivors (4096K)
 Metaspace       used 101971K, committed 103104K, reserved 557056K
  class space    used 14246K, committed 14784K, reserved 425984K
}
Event: 67.521 GC heap after
{Heap after GC invocations=65 (full 0):
 garbage-first heap   total 257024K, used 188802K [0x0000000080000000, 0x0000000100000000)
  region size 1024K, 4 young (4096K), 4 survivors (4096K)
 Metaspace       used 101971K, committed 103104K, reserved 557056K
  class space    used 14246K, committed 14784K, reserved 425984K
}
Event: 68.068 GC heap before
{Heap before GC invocations=65 (full 0):
 garbage-first heap   total 257024K, used 217474K [0x0000000080000000, 0x0000000100000000)
  region size 1024K, 33 young (33792K), 4 survivors (4096K)
 Metaspace       used 102697K, committed 103936K, reserved 557056K
  class space    used 14361K, committed 14912K, reserved 425984K
}
Event: 68.086 GC heap after
{Heap after GC invocations=66 (full 0):
 garbage-first heap   total 309248K, used 191371K [0x0000000080000000, 0x0000000100000000)
  region size 1024K, 3 young (3072K), 3 survivors (3072K)
 Metaspace       used 102697K, committed 103936K, reserved 557056K
  class space    used 14361K, committed 14912K, reserved 425984K
}
Event: 69.492 GC heap before
{Heap before GC invocations=66 (full 0):
 garbage-first heap   total 309248K, used 250763K [0x0000000080000000, 0x0000000100000000)
  region size 1024K, 61 young (62464K), 3 survivors (3072K)
 Metaspace       used 103161K, committed 104320K, reserved 557056K
  class space    used 14411K, committed 14976K, reserved 425984K
}
Event: 69.506 GC heap after
{Heap after GC invocations=67 (full 0):
 garbage-first heap   total 309248K, used 195673K [0x0000000080000000, 0x0000000100000000)
  region size 1024K, 7 young (7168K), 7 survivors (7168K)
 Metaspace       used 103161K, committed 104320K, reserved 557056K
  class space    used 14411K, committed 14976K, reserved 425984K
}
Event: 70.892 GC heap before
{Heap before GC invocations=67 (full 0):
 garbage-first heap   total 309248K, used 257113K [0x0000000080000000, 0x0000000100000000)
  region size 1024K, 64 young (65536K), 7 survivors (7168K)
 Metaspace       used 103238K, committed 104448K, reserved 557056K
  class space    used 14411K, committed 14976K, reserved 425984K
}
Event: 70.909 GC heap after
{Heap after GC invocations=68 (full 0):
 garbage-first heap   total 309248K, used 200294K [0x0000000080000000, 0x0000000100000000)
  region size 1024K, 5 young (5120K), 5 survivors (5120K)
 Metaspace       used 103238K, committed 104448K, reserved 557056K
  class space    used 14411K, committed 14976K, reserved 425984K
}
Event: 72.074 GC heap before
{Heap before GC invocations=68 (full 0):
 garbage-first heap   total 309248K, used 263782K [0x0000000080000000, 0x0000000100000000)
  region size 1024K, 60 young (61440K), 5 survivors (5120K)
 Metaspace       used 103462K, committed 104640K, reserved 557056K
  class space    used 14431K, committed 14976K, reserved 425984K
}
Event: 72.091 GC heap after
{Heap after GC invocations=69 (full 0):
 garbage-first heap   total 309248K, used 204478K [0x0000000080000000, 0x0000000100000000)
  region size 1024K, 5 young (5120K), 5 survivors (5120K)
 Metaspace       used 103462K, committed 104640K, reserved 557056K
  class space    used 14431K, committed 14976K, reserved 425984K
}
Event: 72.983 GC heap before
{Heap before GC invocations=69 (full 0):
 garbage-first heap   total 309248K, used 270014K [0x0000000080000000, 0x0000000100000000)
  region size 1024K, 58 young (59392K), 5 survivors (5120K)
 Metaspace       used 103582K, committed 104768K, reserved 557056K
  class space    used 14443K, committed 14976K, reserved 425984K
}
Event: 72.996 GC heap after
{Heap after GC invocations=70 (full 0):
 garbage-first heap   total 309248K, used 209396K [0x0000000080000000, 0x0000000100000000)
  region size 1024K, 5 young (5120K), 5 survivors (5120K)
 Metaspace       used 103582K, committed 104768K, reserved 557056K
  class space    used 14443K, committed 14976K, reserved 425984K
}
Event: 75.061 GC heap before
{Heap before GC invocations=70 (full 0):
 garbage-first heap   total 309248K, used 264692K [0x0000000080000000, 0x0000000100000000)
  region size 1024K, 56 young (57344K), 5 survivors (5120K)
 Metaspace       used 103770K, committed 104960K, reserved 557056K
  class space    used 14457K, committed 15040K, reserved 425984K
}
Event: 75.075 GC heap after
{Heap after GC invocations=71 (full 0):
 garbage-first heap   total 309248K, used 213207K [0x0000000080000000, 0x0000000100000000)
  region size 1024K, 4 young (4096K), 4 survivors (4096K)
 Metaspace       used 103770K, committed 104960K, reserved 557056K
  class space    used 14457K, committed 15040K, reserved 425984K
}
Event: 76.499 GC heap before
{Heap before GC invocations=71 (full 0):
 garbage-first heap   total 309248K, used 265431K [0x0000000080000000, 0x0000000100000000)
  region size 1024K, 52 young (53248K), 4 survivors (4096K)
 Metaspace       used 103906K, committed 105152K, reserved 557056K
  class space    used 14471K, committed 15040K, reserved 425984K
}
Event: 76.513 GC heap after
{Heap after GC invocations=72 (full 0):
 garbage-first heap   total 309248K, used 216665K [0x0000000080000000, 0x0000000100000000)
  region size 1024K, 4 young (4096K), 4 survivors (4096K)
 Metaspace       used 103906K, committed 105152K, reserved 557056K
  class space    used 14471K, committed 15040K, reserved 425984K
}
Event: 77.300 GC heap before
{Heap before GC invocations=72 (full 0):
 garbage-first heap   total 309248K, used 266841K [0x0000000080000000, 0x0000000100000000)
  region size 1024K, 50 young (51200K), 4 survivors (4096K)
 Metaspace       used 103936K, committed 105216K, reserved 557056K
  class space    used 14473K, committed 15040K, reserved 425984K
}
Event: 77.311 GC heap after
{Heap after GC invocations=73 (full 0):
 garbage-first heap   total 309248K, used 219147K [0x0000000080000000, 0x0000000100000000)
  region size 1024K, 6 young (6144K), 6 survivors (6144K)
 Metaspace       used 103936K, committed 105216K, reserved 557056K
  class space    used 14473K, committed 15040K, reserved 425984K
}

