# JRE version: OpenJDK Runtime Environment Microsoft-8035246 (17.0.8+7) (build 17.0.8+7-LTS)
# Java VM: OpenJDK 64-Bit Server VM Microsoft-8035246 (17.0.8+7-LTS, mixed mode, sharing, tiered, compressed oops, compressed class ptrs, g1 gc, windows-amd64)
GC Precious Log:
 CPUs: 4 total, 4 available
 Memory: 8072M
 Large Page Support: Disabled
 NUMA Support: Disabled
 Compressed Oops: Enabled (32-bit)
 Heap Region Size: 1M
 Heap Min Capacity: 8M
 Heap Initial Capacity: 128M
 Heap Max Capacity: 2G
 Pre-touch: Disabled
 Parallel Workers: 4
 Concurrent Workers: 1
 Concurrent Refinement Workers: 4
 Periodic GC: Disabled
Heap:
 garbage-first heap   total 327680K, used 264018K [0x0000000080000000, 0x0000000100000000)
  region size 1024K, 64 young (65536K), 7 survivors (7168K)
 Metaspace       used 109276K, committed 110592K, reserved 557056K
  class space    used 15172K, committed 15808K, reserved 425984K
GC Heap History (20 events):
Event: 204.795 GC heap before
{Heap before GC invocations=54 (full 0):
 garbage-first heap   total 284672K, used 220633K [0x0000000080000000, 0x0000000100000000)
  region size 1024K, 120 young (122880K), 7 survivors (7168K)
 Metaspace       used 95344K, committed 96384K, reserved 557056K
  class space    used 13301K, committed 13760K, reserved 425984K
}
Event: 204.867 GC heap after
{Heap after GC invocations=55 (full 0):
 garbage-first heap   total 284672K, used 128545K [0x0000000080000000, 0x0000000100000000)
  region size 1024K, 15 young (15360K), 15 survivors (15360K)
 Metaspace       used 95344K, committed 96384K, reserved 557056K
  class space    used 13301K, committed 13760K, reserved 425984K
}
Event: 209.655 GC heap before
{Heap before GC invocations=55 (full 0):
 garbage-first heap   total 284672K, used 216609K [0x0000000080000000, 0x0000000100000000)
  region size 1024K, 99 young (101376K), 15 survivors (15360K)
 Metaspace       used 98804K, committed 99904K, reserved 557056K
  class space    used 13806K, committed 14336K, reserved 425984K
}
Event: 209.716 GC heap after
{Heap after GC invocations=56 (full 0):
 garbage-first heap   total 284672K, used 143360K [0x0000000080000000, 0x0000000100000000)
  region size 1024K, 12 young (12288K), 12 survivors (12288K)
 Metaspace       used 98804K, committed 99904K, reserved 557056K
  class space    used 13806K, committed 14336K, reserved 425984K
}
Event: 213.128 GC heap before
{Heap before GC invocations=56 (full 0):
 garbage-first heap   total 284672K, used 219136K [0x0000000080000000, 0x0000000100000000)
  region size 1024K, 86 young (88064K), 12 survivors (12288K)
 Metaspace       used 101773K, committed 102848K, reserved 557056K
  class space    used 14223K, committed 14720K, reserved 425984K
}
Event: 213.196 GC heap after
{Heap after GC invocations=57 (full 0):
 garbage-first heap   total 284672K, used 150016K [0x0000000080000000, 0x0000000100000000)
  region size 1024K, 7 young (7168K), 7 survivors (7168K)
 Metaspace       used 101773K, committed 102848K, reserved 557056K
  class space    used 14223K, committed 14720K, reserved 425984K
}
Event: 216.015 GC heap before
{Heap before GC invocations=57 (full 0):
 garbage-first heap   total 284672K, used 223744K [0x0000000080000000, 0x0000000100000000)
  region size 1024K, 79 young (80896K), 7 survivors (7168K)
 Metaspace       used 102073K, committed 103104K, reserved 557056K
  class space    used 14251K, committed 14720K, reserved 425984K
}
Event: 216.069 GC heap after
{Heap after GC invocations=58 (full 0):
 garbage-first heap   total 284672K, used 162816K [0x0000000080000000, 0x0000000100000000)
  region size 1024K, 10 young (10240K), 10 survivors (10240K)
 Metaspace       used 102073K, committed 103104K, reserved 557056K
  class space    used 14251K, committed 14720K, reserved 425984K
}
Event: 220.754 GC heap before
{Heap before GC invocations=58 (full 0):
 garbage-first heap   total 284672K, used 227328K [0x0000000080000000, 0x0000000100000000)
  region size 1024K, 72 young (73728K), 10 survivors (10240K)
 Metaspace       used 102713K, committed 103872K, reserved 557056K
  class space    used 14320K, committed 14848K, reserved 425984K
}
Event: 220.817 GC heap after
{Heap after GC invocations=59 (full 0):
 garbage-first heap   total 284672K, used 178176K [0x0000000080000000, 0x0000000100000000)
  region size 1024K, 9 young (9216K), 9 survivors (9216K)
 Metaspace       used 102713K, committed 103872K, reserved 557056K
  class space    used 14320K, committed 14848K, reserved 425984K
}
Event: 223.654 GC heap before
{Heap before GC invocations=59 (full 0):
 garbage-first heap   total 284672K, used 230400K [0x0000000080000000, 0x0000000100000000)
  region size 1024K, 59 young (60416K), 9 survivors (9216K)
 Metaspace       used 104702K, committed 105920K, reserved 557056K
  class space    used 14619K, committed 15168K, reserved 425984K
}
Event: 223.706 GC heap after
{Heap after GC invocations=60 (full 0):
 garbage-first heap   total 284672K, used 188813K [0x0000000080000000, 0x0000000100000000)
  region size 1024K, 8 young (8192K), 8 survivors (8192K)
 Metaspace       used 104702K, committed 105920K, reserved 557056K
  class space    used 14619K, committed 15168K, reserved 425984K
}
Event: 227.336 GC heap before
{Heap before GC invocations=61 (full 0):
 garbage-first heap   total 327680K, used 232845K [0x0000000080000000, 0x0000000100000000)
  region size 1024K, 51 young (52224K), 8 survivors (8192K)
 Metaspace       used 107073K, committed 108352K, reserved 557056K
  class space    used 14942K, committed 15552K, reserved 425984K
}
Event: 227.377 GC heap after
{Heap after GC invocations=62 (full 0):
 garbage-first heap   total 327680K, used 195449K [0x0000000080000000, 0x0000000100000000)
  region size 1024K, 6 young (6144K), 6 survivors (6144K)
 Metaspace       used 107073K, committed 108352K, reserved 557056K
  class space    used 14942K, committed 15552K, reserved 425984K
}
Event: 227.887 GC heap before
{Heap before GC invocations=62 (full 0):
 garbage-first heap   total 327680K, used 205689K [0x0000000080000000, 0x0000000100000000)
  region size 1024K, 16 young (16384K), 6 survivors (6144K)
 Metaspace       used 107378K, committed 108672K, reserved 557056K
  class space    used 14974K, committed 15552K, reserved 425984K
}
Event: 227.921 GC heap after
{Heap after GC invocations=63 (full 0):
 garbage-first heap   total 327680K, used 195214K [0x0000000080000000, 0x0000000100000000)
  region size 1024K, 2 young (2048K), 2 survivors (2048K)
 Metaspace       used 107378K, committed 108672K, reserved 557056K
  class space    used 14974K, committed 15552K, reserved 425984K
}
Event: 231.886 GC heap before
{Heap before GC invocations=63 (full 0):
 garbage-first heap   total 327680K, used 264846K [0x0000000080000000, 0x0000000100000000)
  region size 1024K, 70 young (71680K), 2 survivors (2048K)
 Metaspace       used 107947K, committed 109248K, reserved 557056K
  class space    used 15009K, committed 15616K, reserved 425984K
}
Event: 231.914 GC heap after
{Heap after GC invocations=64 (full 0):
 garbage-first heap   total 327680K, used 201633K [0x0000000080000000, 0x0000000100000000)
  region size 1024K, 9 young (9216K), 9 survivors (9216K)
 Metaspace       used 107947K, committed 109248K, reserved 557056K
  class space    used 15009K, committed 15616K, reserved 425984K
}
Event: 235.173 GC heap before
{Heap before GC invocations=64 (full 0):
 garbage-first heap   total 327680K, used 266145K [0x0000000080000000, 0x0000000100000000)
  region size 1024K, 73 young (74752K), 9 survivors (9216K)
 Metaspace       used 108874K, committed 110208K, reserved 557056K
  class space    used 15121K, committed 15744K, reserved 425984K
}
Event: 235.208 GC heap after
{Heap after GC invocations=65 (full 0):
 garbage-first heap   total 327680K, used 207698K [0x0000000080000000, 0x0000000100000000)
  region size 1024K, 7 young (7168K), 7 survivors (7168K)
 Metaspace       used 108874K, committed 110208K, reserved 557056K
  class space    used 15121K, committed 15744K, reserved 425984K
}

